Step #0:  Running in ff5326f3b081
Step #0: npm warn deprecated @esbuild-kit/esm-loader@2.6.5: Merged into tsx: https://tsx.is
Step #0: npm warn deprecated @esbuild-kit/core-utils@3.3.2: Merged into tsx: https://tsx.is
Step #0: 
Step #0: added 538 packages, and audited 539 packages in 19s
Step #0:
Step #0: 72 packages are looking for funding
Step #0:   run `npm fund` for details
Step #0:
Step #0: 10 vulnerabilities (3 low, 5 moderate, 2 high)
Step #0:
Step #0: To address issues that do not require attention, run:
Step #0:   npm audit fix
Step #0:
Step #0: To address all issues possible (including breaking changes), run:
Step #0:   npm audit fix --force
Step #0:
Step #0: Some issues need review, and may require choosing
Step #0: a different dependency.
Step #0:
Step #0: Run `npm audit` for details.
Step #0: npm notice
Step #0: npm notice New major version of npm available! 10.8.2 -> 11.7.0
Step #0: npm notice Changelog: https://github.com/npm/cli/releases/tag/v11.7.0
Step #0: npm notice To update run: npm install -g npm@11.7.0
Step #0: npm notice
Step #0:
Step #0: > rest-express@1.0.0 build
Step #0: > vite build && esbuild server/index.ts --platform=node --packages=external --bundle --format=esm --outdir=dist
Step #0:
Step #0: vite v5.4.20 building for production...
Step #0: transforming...
Step #0: Removing intermediate container ff5326f3b081
Step #0:  0a324b4a7e45
Step #0: Step 8/20 : COPY . .
Step #0:  683a4c2f92d9
Step #0: Step 9/20 : RUN npm run build
Step #0:  Running in e4dd9a8b1a78
Step #0: 
Step #0: A PostCSS plugin did not pass the `from` option to `postcss.parse`. This may cause imported assets to be incorrectly transformed. If you've recently added a PostCSS plugin that raised this warning, please contact the package author to fix the issue.
Step #0: âœ“ 1642 modules transformed.
Step #0: x Build failed in 6.39s
Step #0: error during build:
Step #0: [vite:asset] Could not load /app/attached_assets/generated_images/TUDAO_logo_professional_blue_badge_d6d08bf6.png (imported by client/src/components/WelcomeScreen.tsx): ENOENT: no such file or directory, open '/app/attached_assets/generated_images/TUDAO_logo_professional_blue_badge_d6d08bf6.png'
Step #0:     at async open (node:internal/fs/promises:639:25)
Step #0:     at async Object.readFile (node:internal/fs/promises:1246:14)
Step #0:     at async fileToBuiltUrl (file:///app/node_modules/vite/dist/node/chunks/dep-D_zLpgQd.js:20428:19)
Step #0:     at async Object.load (file:///app/node_modules/vite/dist/node/chunks/dep-D_zLpgQd.js:20328:17)
Step #0:     at async PluginDriver.hookFirstAndGetPlugin (file:///app/node_modules/rollup/dist/es/shared/node-entry.js:20689:28)
Step #0:     at async file:///app/node_modules/rollup/dist/es/shared/node-entry.js:19809:33
Step #0:     at async Queue.work (file:///app/node_modules/rollup/dist/es/shared/node-entry.js:20899:32)
Step #0: The command '/bin/sh -c npm run build' returned a non-zero code: 1
Finished Step #0
ERROR
ERROR: build step 0 "gcr.io/cloud-builders/docker" failed: step exited with non-zero status: 1
Step #0: 
-------------------------------------------------------------- BUILD FINISHED; TRUNCATING OUTPUT LOGS --------------------------------------------------------------
Logs are available at [https://console.cloud.google.com/cloud-build/builds/f107c3f6-89f1-4763-b3c7-dd6abf06ec9a?project=742935931594].

BUILD FAILURE: Build step failure: build step 0 "gcr.io/cloud-builders/docker" failed: step exited with non-zero status: 1
ERROR: (gcloud.beta.builds.submit) build f107c3f6-89f1-4763-b3c7-dd6abf06ec9a completed with status "FAILURE"
wrobertson461@cloudshell:~/tudao-clean (project-1662d9c3-c2d1-4f22-813)$ 